total 646
-rw-r--r--   1 cs310307 cs3102a     10114 May  2 10:30 EFL_UserManual.txt
drwx------   2 cs310307 cs3102a       512 Apr 17 15:13 Mail/
-rw-r--r--   1 cs310307 cs3102a      1026 May  2 00:21 RefMan.txt
-rwxr-xr-x   1 cs310307 cs3102a     64032 May  2 09:19 efl*
-rwxr-xr-x   1 cs310307 cs3102a     81920 May  2 11:13 efl.exe*
-rw-------   1 cs310307 cs3102a    173676 May  2 08:18 efl.output
-rw-------   1 cs310307 cs3102a      1263 May  2 00:21 efl_end.c
-rw-------   1 cs310307 cs3102a      1000 May  2 09:19 efl_end.o
-rw-------   1 cs310307 cs3102a      1291 May  2 00:21 efl_init.c
-rw-------   1 cs310307 cs3102a      1940 May  2 09:19 efl_init.o
-rw-------   1 cs310307 cs3102a      6516 May  2 00:53 efl_main.c
-rw-------   1 cs310307 cs3102a      9040 May  2 09:19 efl_main.o
-rw-r--r--   1 cs310307 cs3102a        36 May  2 03:35 enemies2.dat
-rw-r--r--   1 cs310307 cs3102a       309 May  2 03:36 enemies3.dat
-rw-------   1 cs310307 cs3102a     13202 May  2 00:21 enemy.c
-rw-------   1 cs310307 cs3102a      1483 May  2 00:21 enemy.h
-rw-------   1 cs310307 cs3102a      5312 May  2 09:19 enemy.o
-rw-------   1 cs310307 cs3102a      3671 May  2 00:21 enread.c
-rw-------   1 cs310307 cs3102a       521 May  2 00:21 enread.h
-rw-------   1 cs310307 cs3102a      3228 May  2 09:19 enread.o
-rw-------   1 cs310307 cs3102a       565 May  2 00:21 globals.h
-rw-------   1 cs310307 cs3102a      2396 May  2 00:21 group_project.specs
-rw-------   1 cs310307 cs3102a      1636 May  2 00:21 item.c
-rw-------   1 cs310307 cs3102a      1473 May  2 00:21 item.c.save
-rw-------   1 cs310307 cs3102a       825 May  2 00:21 item.h
-rw-------   1 cs310307 cs3102a      2396 May  2 09:19 item.o
-rw-r--r--   1 cs310307 cs3102a       420 May  2 10:27 items1.dat
-rw-r--r--   1 cs310307 cs3102a       192 May  2 00:21 items2.dat
-rw-r--r--   1 cs310307 cs3102a       137 May  2 00:21 items3.dat
-rw-------   1 cs310307 cs3102a     23049 May  2 00:21 list.c
-rw-------   1 cs310307 cs3102a      2474 May  2 00:21 list.h
-rw-------   1 cs310307 cs3102a      6172 May  2 09:19 list.o
-rw-------   1 cs310307 cs3102a         0 May  2 15:58 ls.out
-rw-------   1 cs310307 cs3102a       334 May  2 00:21 main.c
-rw-------   1 cs310307 cs3102a       728 May  2 09:19 main.o
-rw-------   1 cs310307 cs3102a      1367 May  2 00:21 makefile
-rw-------   1 cs310307 cs3102a      1224 May  2 00:21 makefilet
-rw-------   1 cs310307 cs3102a      1162 May  2 00:21 map.c
-rw-------   1 cs310307 cs3102a       465 May  2 00:21 map.h
-rw-------   1 cs310307 cs3102a       173 May  2 00:21 map.h.save
-rw-------   1 cs310307 cs3102a      1548 May  2 09:19 map.o
-rw-r--r--   1 cs310307 cs3102a       835 May  2 00:21 map2_visual.txt
-rw-------   1 cs310307 cs3102a      3886 May  2 00:21 parse.c
-rw-------   1 cs310307 cs3102a       226 May  2 00:21 parse.h
-rw-------   1 cs310307 cs3102a      3928 May  2 09:19 parse.o
-rw-------   1 cs310307 cs3102a     20344 May  2 02:06 player.c
-rw-------   1 cs310307 cs3102a     12037 May  2 00:21 player.c.jkc
-rw-------   1 cs310307 cs3102a       802 May  2 00:21 player.h
-rw-------   1 cs310307 cs3102a     26060 May  2 09:19 player.o
-rw-------   1 cs310307 cs3102a     34751 May  2 00:21 room.c
-rw-------   1 cs310307 cs3102a      2825 May  2 00:21 room.h
-rw-------   1 cs310307 cs3102a     13692 May  2 09:19 room.o
-rw-------   1 cs310307 cs3102a      2680 May  2 00:21 roomread.c
-rw-------   1 cs310307 cs3102a       521 May  2 00:21 roomread.h
-rw-------   1 cs310307 cs3102a      2520 May  2 09:19 roomread.o
-rw-r--r--   1 cs310307 cs3102a      7104 May  2 10:28 rooms1.dat
-rw-r--r--   1 cs310307 cs3102a      1911 May  2 00:21 rooms2.dat
-rw-r--r--   1 cs310307 cs3102a      2720 May  2 00:21 rooms3.dat
drwx------   2 cs310307 cs3102a       512 Apr 26 23:36 roomtest/
-rw-------   1 cs310307 cs3102a      5343 May  2 00:21 roomtest.c
-rw-------   1 cs310307 cs3102a     15199 May  2 00:21 switch.c
-rw-------   1 cs310307 cs3102a      1501 May  2 00:21 switch.h
-rw-------   1 cs310307 cs3102a      5856 May  2 09:19 switch.o
-rw-r--r--   1 cs310307 cs3102a        70 May  2 00:21 switches3.dat
-rw-------   1 cs310307 cs3102a      2436 May  2 00:21 swread.c
-rw-------   1 cs310307 cs3102a       522 May  2 00:21 swread.h
-rw-------   1 cs310307 cs3102a      2112 May  2 09:19 swread.o
-rw-------   1 cs310307 cs3102a      2447 May  2 00:21 types.h
-rw-------   1 cs310307 cs3102a      5585 May  2 00:21 utils.c
-rw-------   1 cs310307 cs3102a       639 May  2 00:21 utils.h
-rw-------   1 cs310307 cs3102a      3252 May  2 09:19 utils.o
